<?xml version="1.0" encoding="UTF-8"?>
<beans xmlns:xsi="http://www.w3.org/2001/XMLSchema-instance"
       xmlns:tx="http://www.springframework.org/schema/tx"
       xmlns="http://www.springframework.org/schema/beans"
       xsi:schemaLocation="http://www.springframework.org/schema/tx
        http://www.springframework.org/schema/tx/spring-tx.xsd
        http://www.springframework.org/schema/beans
       http://www.springframework.org/schema/beans/spring-beans.xsd">

    <tx:annotation-driven/>

    <bean id="namedParameterJdbcTemplate" class="org.springframework.jdbc.core.namedparam.NamedParameterJdbcTemplate">
        <constructor-arg name="dataSource" ref="dataSource"/>
    </bean>

    <bean id="clientsDao" class="com.epam.brest.project.ps.dao.ClientsDaoJdbcImpl">
        <constructor-arg ref="namedParameterJdbcTemplate"/>
    </bean>

    <bean id="clientsService" class="com.epam.brest.project.ps.service.ClientsServiceImpl">
        <constructor-arg ref="clientsDao"/>
    </bean>

    <bean id="tariffsDao" class="com.epam.brest.project.ps.dao.TariffsDaoJdbcImpl">
        <constructor-arg ref="namedParameterJdbcTemplate"/>
    </bean>

    <bean id="tariffsService" class="com.epam.brest.project.ps.service.TariffsServiceImpl">
        <constructor-arg ref="tariffsDao"/>
    </bean>

</beans>